0 info it worked if it ends with ok
1 verbose cli [ '/usr/local/Cellar/node/5.9.1/bin/node',
1 verbose cli   '/usr/local/bin/npm',
1 verbose cli   'install',
1 verbose cli   'app.json',
1 verbose cli   '--global' ]
2 info using npm@3.7.3
3 info using node@v5.9.1
4 silly loadCurrentTree Starting
5 silly install loadCurrentTree
6 silly install readGlobalPackageData
7 silly fetchPackageMetaData app.json
8 silly fetchOtherPackageData app.json
9 silly cache add args [ 'app.json', null ]
10 verbose cache add spec app.json
11 silly cache add parsed spec Result {
11 silly cache add   raw: 'app.json',
11 silly cache add   scope: null,
11 silly cache add   name: null,
11 silly cache add   rawSpec: 'app.json',
11 silly cache add   spec: '/Users/Guest/Desktop/story-time/app.json',
11 silly cache add   type: 'local' }
12 silly addLocalTarball shasum (computed) fe65db07276ffbec6495c56fe15bbd917112f209
13 verbose addTmpTarball /Users/Guest/Desktop/story-time/app.json not in flight; adding
14 verbose correctMkdir /Users/Guest/.npm correctMkdir not in flight; initializing
15 verbose makeDirectory /Users/Guest/.npm creation not in flight; initializing
16 silly makeDirectory /Users/Guest/.npm uid: 201 gid: 201
17 verbose addTmpTarball validating metadata from /Users/Guest/Desktop/story-time/app.json
18 verbose tar unpack /Users/Guest/Desktop/story-time/app.json
19 verbose tar unpacking to /var/folders/zz/zyxvpxvq6csfxvn_n00000s4000069/T/npm-74717-03632864/unpack-519cb866
20 silly gentlyRm /var/folders/zz/zyxvpxvq6csfxvn_n00000s4000069/T/npm-74717-03632864/unpack-519cb866 is being purged
21 verbose gentlyRm don't care about contents; nuking /var/folders/zz/zyxvpxvq6csfxvn_n00000s4000069/T/npm-74717-03632864/unpack-519cb866
22 silly gunzTarPerm modes [ '755', '644' ]
23 error not a package /Users/Guest/Desktop/story-time/app.json
24 error addLocal Could not install /Users/Guest/Desktop/story-time/app.json
25 silly fetchPackageMetaData Error: ENOENT: no such file or directory, open '/var/folders/zz/zyxvpxvq6csfxvn_n00000s4000069/T/npm-74717-03632864/unpack-519cb866/package.json'
25 silly fetchPackageMetaData     at Error (native)
25 silly fetchPackageMetaData  error for app.json { [Error: ENOENT: no such file or directory, open '/var/folders/zz/zyxvpxvq6csfxvn_n00000s4000069/T/npm-74717-03632864/unpack-519cb866/package.json']
25 silly fetchPackageMetaData   errno: -2,
25 silly fetchPackageMetaData   code: 'ENOENT',
25 silly fetchPackageMetaData   syscall: 'open',
25 silly fetchPackageMetaData   path: '/var/folders/zz/zyxvpxvq6csfxvn_n00000s4000069/T/npm-74717-03632864/unpack-519cb866/package.json' }
26 silly rollbackFailedOptional Starting
27 silly rollbackFailedOptional Finishing
28 silly runTopLevelLifecycles Starting
29 silly runTopLevelLifecycles Finishing
30 silly install printInstalled
31 verbose stack Error: ENOENT: no such file or directory, open '/var/folders/zz/zyxvpxvq6csfxvn_n00000s4000069/T/npm-74717-03632864/unpack-519cb866/package.json'
31 verbose stack     at Error (native)
32 verbose cwd /Users/Guest/Desktop/story-time
33 error Darwin 15.5.0
34 error argv "/usr/local/Cellar/node/5.9.1/bin/node" "/usr/local/bin/npm" "install" "app.json" "--global"
35 error node v5.9.1
36 error npm  v3.7.3
37 error path /var/folders/zz/zyxvpxvq6csfxvn_n00000s4000069/T/npm-74717-03632864/unpack-519cb866/package.json
38 error code ENOENT
39 error errno -2
40 error syscall open
41 error enoent ENOENT: no such file or directory, open '/var/folders/zz/zyxvpxvq6csfxvn_n00000s4000069/T/npm-74717-03632864/unpack-519cb866/package.json'
42 error enoent ENOENT: no such file or directory, open '/var/folders/zz/zyxvpxvq6csfxvn_n00000s4000069/T/npm-74717-03632864/unpack-519cb866/package.json'
42 error enoent This is most likely not a problem with npm itself
42 error enoent and is related to npm not being able to find a file.
43 verbose exit [ -2, true ]
